2022/10/31
	22:46:50	Unknown detected: UID 01760C0A
	22:48:42	MIFARE Ultralight C detected: UID 047F0DDA8D3A84
	22:48:55	MIFARE Ultralight C detected: UID 047F0DDA8D3A84
	22:48:55	MIFARE Ultralight C detected: UID 047F0DDA8D3A84
	22:49:35	MIFARE Ultralight C detected: UID 047F0DDA8D3A84
	22:49:35	MIFARE Ultralight C detected: UID 047F0DDA8D3A84
	22:50:05	MIFARE Ultralight C detected: UID 047F0DDA8D3A84
	22:50:18	MIFARE Ultralight C detected: UID 047F0DDA8D3A84
	22:50:19	MIFARE Ultralight C detected: UID 047F0DDA8D3A84
	22:50:33	MIFARE Ultralight C detected: UID 047F0DDA8D3A84
	22:53:16	MIFARE Ultralight C detected: UID 047F0DDA8D3A84
	22:54:05	MIFARE Ultralight C detected: UID 047F0DDA8D3A84
	22:54:12	MIFARE Ultralight C detected: UID 047F0DDA8D3A84
	22:54:31	Unknown detected: UID 01760C0A
	22:54:39	Unknown detected: UID 01760C0A
	23:41:37	Unknown detected: UID 01760C0A
	23:42:26	Unknown detected: UID 01760C0A
	23:42:36	Unknown detected: UID 01760C0A
	23:42:39	Unknown detected: UID 01760C0A
	23:43:48	Unknown detected: UID 01760C0A
	23:43:58	Unknown detected: UID 01760C0A
	23:44:09	Unknown detected: UID 01760C0A
	23:44:19	MIFARE Classic 1K detected: UID E3D0606F
	23:44:29	MIFARE Classic 1K detected: UID E3D0606F
	23:44:39	MIFARE Ultralight C detected: UID 047F0DDA8D3A84
	23:44:49	MIFARE Ultralight C detected: UID 047F0DDA8D3A84
	23:44:59	MIFARE Ultralight C detected: UID 047F0DDA8D3A84
	23:45:09	MIFARE Ultralight C detected: UID 047F0DDA8D3A84
	23:45:19	MIFARE Ultralight C detected: UID 047F0DDA8D3A84
	23:45:29	MIFARE Ultralight C detected: UID 047F0DDA8D3A84
	23:45:39	MIFARE Ultralight C detected: UID 047F0DDA8D3A84
	23:46:48	MIFARE Ultralight C detected: UID 047F0DDA8D3A84
	23:46:58	MIFARE Ultralight C detected: UID 047F0DDA8D3A84
	23:47:08	MIFARE Ultralight C detected: UID 047F0DDA8D3A84
	23:50:20	MIFARE Ultralight C detected: UID 047F0DDA8D3A84
	23:50:30	MIFARE Ultralight C detected: UID 047F0DDA8D3A84
	23:50:40	MIFARE Ultralight C detected: UID 047F0DDA8D3A84
	23:50:50	MIFARE Ultralight C detected: UID 047F0DDA8D3A84
	23:51:00	MIFARE Ultralight C detected: UID 047F0DDA8D3A84
2022/11/01
	10:31:58	MIFARE Ultralight C detected: UID 04DCABC24A4E80
	10:32:12	MIFARE Classic 1K detected: UID 040259B2D86485
	10:32:22	Unknown detected: UID 08D018D5
	10:32:32	MIFARE Classic 1K detected: UID E3D0606F
	10:32:44	Unknown detected: UID 01760C0A
	10:32:55	MIFARE Ultralight C detected: UID 047F0DDA8D3A84
	10:34:12	MIFARE DESFire detected: UID 04486C52A71F80
	10:37:12	MIFARE Ultralight C detected: UID 047F0DDA8D3A84
	10:38:08	MIFARE Ultralight C detected: UID 047F0DDA8D3A84
	10:39:50	MIFARE Ultralight C detected: UID 047F0DDA8D3A84
	14:39:42	MIFARE Ultralight C detected: UID 047F0DDA8D3A84
	14:40:20	MIFARE Ultralight C detected: UID 047F0DDA8D3A84
	14:40:44	MIFARE Ultralight C detected: UID 047F0DDA8D3A84
	14:40:54	MIFARE Ultralight C detected: UID 047F0DDA8D3A84
	14:41:04	MIFARE Ultralight C detected: UID 047F0DDA8D3A84
	14:41:14	MIFARE Ultralight C detected: UID 047F0DDA8D3A84
	14:41:24	MIFARE Ultralight C detected: UID 047F0DDA8D3A84
	14:41:34	MIFARE Ultralight C detected: UID 047F0DDA8D3A84
	14:41:45	MIFARE Ultralight C detected: UID 047F0DDA8D3A84
	14:41:55	MIFARE Ultralight C detected: UID 047F0DDA8D3A84
	14:42:05	MIFARE Ultralight C detected: UID 047F0DDA8D3A84
	14:42:15	MIFARE Ultralight C detected: UID 047F0DDA8D3A84
	14:42:25	MIFARE Ultralight C detected: UID 047F0DDA8D3A84
	14:42:35	MIFARE Ultralight C detected: UID 047F0DDA8D3A84
	14:42:45	MIFARE Ultralight C detected: UID 047F0DDA8D3A84
	14:42:57	MIFARE Ultralight C detected: UID 047F0DDA8D3A84
	14:43:07	MIFARE Ultralight C detected: UID 047F0DDA8D3A84
	14:44:53	MIFARE Ultralight C detected: UID 047F0DDA8D3A84
	14:51:22	MIFARE Ultralight C detected: UID 047F0DDA8D3A84
	14:54:37	MIFARE Ultralight C detected: UID 047F0DDA8D3A84
	14:54:57	MIFARE Ultralight C detected: UID 047F0DDA8D3A84
	14:55:09	MIFARE Ultralight C detected: UID 047F0DDA8D3A84
	14:55:54	MIFARE Ultralight C detected: UID 047F0DDA8D3A84
	14:56:42	MIFARE Ultralight C detected: UID 047F0DDA8D3A84
	14:57:34	MIFARE Ultralight C detected: UID 047F0DDA8D3A84
	14:59:23	MIFARE Ultralight C detected: UID 047F0DDA8D3A84
	15:07:47	MIFARE Ultralight C detected: UID 047F0DDA8D3A84
	15:08:05	MIFARE Ultralight C detected: UID 047F0DDA8D3A84
	15:11:35	MIFARE Ultralight C detected: UID 047F0DDA8D3A84
	15:12:12	MIFARE Ultralight C detected: UID 047F0DDA8D3A84
	15:12:35	MIFARE Ultralight C detected: UID 047F0DDA8D3A84
	15:13:28	MIFARE Ultralight C detected: UID 047F0DDA8D3A84
	15:13:58	MIFARE Ultralight C detected: UID 047F0DDA8D3A84
	15:16:05	MIFARE Ultralight C detected: UID 047F0DDA8D3A84
	15:16:28	MIFARE Ultralight C detected: UID 047F0DDA8D3A84
	15:17:22	MIFARE Ultralight C detected: UID 047F0DDA8D3A84
	15:18:19	MIFARE Ultralight C detected: UID 047F0DDA8D3A84
	15:21:19	MIFARE Ultralight C detected: UID 047F0DDA8D3A84
	15:21:43	MIFARE Ultralight C detected: UID 047F0DDA8D3A84
	15:22:18	MIFARE Ultralight C detected: UID 047F0DDA8D3A84
	15:23:17	MIFARE Ultralight C detected: UID 047F0DDA8D3A84
	15:23:37	MIFARE Ultralight C detected: UID 047F0DDA8D3A84
	15:24:01	MIFARE Ultralight C detected: UID 047F0DDA8D3A84
	16:04:43	MIFARE Classic 1K detected: UID 04855702020001
	16:05:01	MIFARE Ultralight C detected: UID 047F0DDA8D3A84
	16:05:28	MIFARE Ultralight C detected: UID 047F0DDA8D3A84
	16:05:42	MIFARE Ultralight C detected: UID 047F0DDA8D3A84
	16:05:59	Unknown detected: UID 01760C0A
	16:06:09	Unknown detected: UID 01760C0A
	16:06:57	Unknown detected: UID 01760C0A
	16:07:14	MIFARE Classic 1K detected: UID E3D0606F
	16:07:33	Unknown detected: UID 01760C0A
	16:07:45	MIFARE Classic 1K detected: UID E3D0606F
	16:08:10	MIFARE Classic 1K detected: UID E3D0606F
	16:08:15	Unknown detected: UID 01760C0A
	16:08:20	Unknown detected: UID 01760C0A
	16:08:30	Unknown detected: UID 01760C0A
	16:08:35	Unknown detected: UID 01760C0A
	16:09:03	Unknown detected: UID 01760C0A
	16:09:19	Unknown detected: UID 01760C0A
	16:09:26	MIFARE Classic 1K detected: UID E3D0606F
	16:14:38	MIFARE Classic 1K detected: UID 04855702020001
	16:14:44	MIFARE Classic 1K detected: UID 04855702020001
	16:15:00	Unknown detected: UID 01760C0A
	16:15:16	MIFARE Classic 1K detected: UID E3D0606F
	16:15:21	MIFARE Classic 1K detected: UID E3D0606F
	16:15:56	MIFARE Ultralight C detected: UID 04DCABC24A4E80
	16:16:01	MIFARE Ultralight C detected: UID 04DCABC24A4E80
	16:16:06	MIFARE Ultralight C detected: UID 04DCABC24A4E80
	16:16:23	MIFARE Classic 1K detected: UID 040259B2D86485
	16:16:29	MIFARE Classic 1K detected: UID 040259B2D86485
	16:19:38	Unknown detected: UID 08F4B0F4
	16:20:25	Unknown detected: UID 08A9B1A7
	16:20:57	Unknown detected: UID Card removed unexpectedly
	16:21:07	Estonian Identity Card (eID) detected: UID 083B0891
	16:21:12	Unknown detected: UID EF5DEFF4
	16:21:20	Unknown detected: UID 04791D6AA96080
	16:22:22	Unknown detected: UID Card removed unexpectedly
	16:22:29	Unknown detected: UID EF5DEFF4
	16:22:52	Unknown detected: UID 04791D6AA96080
	16:23:57	Unknown detected: UID Card removed unexpectedly
	16:24:06	Unknown detected: UID 01760C0A
	16:24:35	Unknown detected: UID 01760C0A
	16:25:53	Unknown detected: UID Card removed unexpectedly
	16:26:00	SEB Debit Maastercard detected: UID 01760C0A
	16:26:05	Mastercard (Bank) detected: UID 04791D6AA96080
	16:26:14	Mastercard (Bank) detected: UID EF5DEFF4
	16:26:19	Estonian Identity Card (eID) detected: UID 08AFB1EC
2023/06/21
	15:20:29	MIFARE Classic 1K detected: UID 0689601B
	15:20:43	MIFARE Classic 1K detected: UID 90C44C40
	15:21:03	MIFARE Classic 1K detected: UID F4B14C40
	15:24:35	MIFARE Classic 1K detected: UID D542269C
	15:25:57	Unknown detected: UID Card removed unexpectedly
	15:27:16	Unknown detected: UID Card removed unexpectedly
	15:27:28	MIFARE Ultralight C detected: UID 047F0DDA8D3A84
	15:34:52	MIFARE Classic 1K detected: UID 43914C40
	16:01:47	Unknown detected: UID Card removed unexpectedly
	16:02:51	MIFARE Ultralight C detected: UID 04EE5E4A934F80
	16:04:43	MIFARE Classic 1K detected: UID 4BF2ACF8
	16:05:44	Unknown detected: UID Card removed unexpectedly
	16:06:08	MIFARE Classic 1K detected: UID 4BF2ACF8
	16:06:15	MIFARE DESFire detected: UID 042149423D4680
	16:06:23	MIFARE Ultralight C detected: UID 04479982F05C80
	16:06:28	MIFARE Ultralight C detected: UID 04479982F05C80
	16:07:10	MIFARE Classic 1K detected: UID 4BF2ACF8
	16:07:15	Unknown detected: UID Card removed unexpectedly
	16:07:24	MIFARE Ultralight C detected: UID 04EE5E4A934F80
	16:07:34	MIFARE Ultralight C detected: UID 04EE5E4A934F80
	16:07:51	MIFARE Classic 1K detected: UID 109C5433
	16:08:40	MIFARE Classic 1K detected: UID 4BF2ACF8
	16:08:45	MIFARE DESFire detected: UID 042149423D4680
	16:08:50	MIFARE DESFire detected: UID 042149423D4680
	16:09:15	MIFARE Classic 1K detected: UID 4BF2ACF8
	16:09:30	MIFARE Ultralight C detected: UID 04EE5E4A934F80
	16:09:37	MIFARE Ultralight C detected: UID 04479982F05C80
	16:10:00	MIFARE Classic 1K detected: UID 4BF2ACF8
	16:10:11	MIFARE DESFire detected: UID 042149423D4680
	16:53:17	MIFARE DESFire detected: UID 042149423D4680
	16:54:47	Unknown detected: UID Card removed unexpectedly
