2022/10/31
	23:41:39	Orange LED Blink Success
	23:42:29	Orange LED Blink Success
	23:42:39	Orange LED Blink Success
	23:42:43	Orange LED Blink Success
	23:43:51	Orange LED Blink Success
	23:44:01	Orange LED Blink Success
	23:44:11	Orange LED Blink Success
	23:44:19	Buzzer Success
	23:44:29	Buzzer Success
	23:44:41	Orange LED Blink Success
	23:44:51	Orange LED Blink Success
	23:45:01	Orange LED Blink Success
	23:45:11	Orange LED Blink Success
	23:45:22	Orange LED Blink Success
2022/11/01
	10:31:59	Buzzer Success
	10:32:13	Buzzer Success
	10:32:23	Buzzer Success
	10:32:33	Buzzer Success
	10:34:12	Buzzer Success
	16:04:44	Buzzer Success
	16:07:14	Buzzer Success
	16:07:46	Buzzer Success
	16:08:10	Buzzer Success
	16:08:33	Orange LED Blink Success
	16:08:40	Orange LED Blink Success
	16:09:06	Orange LED Blink Success
	16:09:22	Orange LED Blink Success
	16:09:27	Buzzer Success
	16:14:39	Buzzer Success
	16:14:44	Buzzer Failed
	16:15:00	Orange LED Blink Failed
	16:15:16	Buzzer Success
	16:15:21	Buzzer Failed
	16:15:56	Buzzer Success
	16:16:02	Buzzer Success
	16:16:07	Buzzer Failed
	16:16:23	Buzzer Success
	16:16:30	Buzzer Success
	16:19:39	Buzzer Success
	16:20:26	Buzzer Success
	16:20:57	Buzzer Failed
	16:21:08	Buzzer Success
	16:21:13	Buzzer Failed
	16:21:20	Buzzer Success
	16:22:22	Buzzer Failed
	16:22:29	Buzzer Success
	16:22:52	Buzzer Success
	16:23:57	Buzzer Failed
	16:24:09	Orange LED Blink Success
	16:24:35	Orange LED Blink Failed
	16:25:53	Buzzer Failed
	16:26:03	Orange LED Blink Success
	16:26:08	Buzzer Failed
	16:26:15	Buzzer Success
	16:26:20	Buzzer Success
2023/06/21
	15:20:29	Buzzer Failed
	15:25:47	Orange LED Blink Failed
	15:27:24	Buzzer Failed
	15:31:29	Orange LED Blink Failed
	16:06:23	Buzzer Success
	16:06:29	Buzzer Success
	16:07:16	Buzzer Failed
	16:07:24	Buzzer Success
	16:07:34	Buzzer Success
	16:10:03	Orange LED Blink Success
	16:10:13	Orange LED Blink Success
	16:10:20	Buzzer Success
	16:10:29	Buzzer Success
	16:11:33	Buzzer Failed
	16:11:38	Orange LED Blink Failed
	16:12:32	Buzzer Failed
	16:12:48	Buzzer Failed
	16:13:01	Buzzer Failed
	16:27:03	Buzzer Success
	16:27:09	Buzzer Success
	16:27:14	Buzzer Failed
	16:27:20	Buzzer Success
	16:27:42	Buzzer Success
	16:27:51	Buzzer Success
	16:27:56	Buzzer Failed
	16:28:02	Buzzer Success
	16:28:07	Orange LED Blink Failed
	16:28:13	Buzzer Success
	16:28:19	Buzzer Success
	16:28:25	Buzzer Success
	16:28:30	Orange LED Blink Failed
